2017-11-29 15:16:05.795 [main] INFO  com.sunfund.Application - Starting Application on panshujundeMBP with PID 3533 (/Users/panshujun/Desktop/biBabel/target/classes started by panshujun in /Users/panshujun/Desktop/biBabel)
2017-11-29 15:16:05.805 [main] DEBUG com.sunfund.Application - Running with Spring Boot v1.5.3.RELEASE, Spring v4.3.8.RELEASE
2017-11-29 15:16:05.806 [main] INFO  com.sunfund.Application - The following profiles are active: dev
2017-11-29 15:16:06.148 [background-preinit] INFO  org.hibernate.validator.internal.util.Version - HV000001: Hibernate Validator 5.3.5.Final
2017-11-29 15:16:06.503 [main] WARN  org.mybatis.spring.mapper.ClassPathMapperScanner - Skipping MapperFactoryBean with name 'sfUserMapper' and 'com.sunfund.userSys.dao.master.SfUserMapper' mapperInterface. Bean already defined with the same name!
2017-11-29 15:16:06.503 [main] WARN  org.mybatis.spring.mapper.ClassPathMapperScanner - No MyBatis mapper was found in '[com.sunfund.userSys.dao.master]' package. Please check your configuration.
2017-11-29 15:16:07.376 [main] INFO  org.apache.catalina.core.StandardService - Starting service Tomcat
2017-11-29 15:16:07.378 [main] INFO  org.apache.catalina.core.StandardEngine - Starting Servlet Engine: Apache Tomcat/8.5.14
2017-11-29 15:16:07.498 [localhost-startStop-1] INFO  o.a.c.core.ContainerBase.[Tomcat].[localhost].[/] - Initializing Spring embedded WebApplicationContext
2017-11-29 15:16:07.821 [main] INFO  com.alibaba.druid.pool.DruidDataSource - {dataSource-1} inited
2017-11-29 15:16:08.291 [main] INFO  org.hibernate.jpa.internal.util.LogHelper - HHH000204: Processing PersistenceUnitInfo [
	name: default
	...]
2017-11-29 15:16:08.397 [main] INFO  org.hibernate.Version - HHH000412: Hibernate Core {5.0.12.Final}
2017-11-29 15:16:08.399 [main] INFO  org.hibernate.cfg.Environment - HHH000206: hibernate.properties not found
2017-11-29 15:16:08.400 [main] INFO  org.hibernate.cfg.Environment - HHH000021: Bytecode provider name : javassist
2017-11-29 15:16:08.473 [main] INFO  org.hibernate.annotations.common.Version - HCANN000001: Hibernate Commons Annotations {5.0.1.Final}
2017-11-29 15:16:08.613 [main] INFO  org.hibernate.dialect.Dialect - HHH000400: Using dialect: org.hibernate.dialect.MySQL5Dialect
2017-11-29 15:16:10.255 [main] INFO  org.apache.coyote.http11.Http11NioProtocol - Initializing ProtocolHandler ["http-nio-8181"]
2017-11-29 15:16:10.263 [main] INFO  org.apache.coyote.http11.Http11NioProtocol - Starting ProtocolHandler ["http-nio-8181"]
2017-11-29 15:16:10.282 [main] INFO  org.apache.tomcat.util.net.NioSelectorPool - Using a shared selector for servlet write/read
2017-11-29 15:16:10.301 [main] INFO  com.sunfund.Application - Started Application in 4.884 seconds (JVM running for 5.435)
2017-11-29 15:16:22.708 [Thread-5] INFO  com.alibaba.druid.pool.DruidDataSource - {dataSource-1} closed
