2017-10-15 14:12:44.302 [background-preinit] INFO  org.hibernate.validator.internal.util.Version - HV000001: Hibernate Validator 5.3.5.Final
2017-10-15 14:12:48.141 [main] INFO  com.sunfund.Application - Starting Application on 9douyudeMacBook-Air.local with PID 3039 (/Users/9douyu/Desktop/IdeaWorkSpace/biBabel/target/classes started by 9douyu in /Users/9douyu/Desktop/IdeaWorkSpace/biBabel)
2017-10-15 14:12:48.142 [main] DEBUG com.sunfund.Application - Running with Spring Boot v1.5.3.RELEASE, Spring v4.3.8.RELEASE
2017-10-15 14:12:48.143 [main] INFO  com.sunfund.Application - The following profiles are active: dev
2017-10-15 14:12:49.718 [main] WARN  org.mybatis.spring.mapper.ClassPathMapperScanner - Skipping MapperFactoryBean with name 'sfUserMapper' and 'com.sunfund.userSys.dao.master.SfUserMapper' mapperInterface. Bean already defined with the same name!
2017-10-15 14:12:49.719 [main] WARN  org.mybatis.spring.mapper.ClassPathMapperScanner - No MyBatis mapper was found in '[com.sunfund.userSys.dao.master]' package. Please check your configuration.
2017-10-15 14:12:52.308 [main] INFO  org.apache.catalina.core.StandardService - Starting service Tomcat
2017-10-15 14:12:52.315 [main] INFO  org.apache.catalina.core.StandardEngine - Starting Servlet Engine: Apache Tomcat/8.5.14
2017-10-15 14:12:52.528 [localhost-startStop-1] INFO  o.a.c.core.ContainerBase.[Tomcat].[localhost].[/] - Initializing Spring embedded WebApplicationContext
2017-10-15 14:12:53.475 [main] INFO  com.alibaba.druid.pool.DruidDataSource - {dataSource-1} inited
2017-10-15 14:12:54.107 [main] INFO  org.hibernate.jpa.internal.util.LogHelper - HHH000204: Processing PersistenceUnitInfo [
	name: default
	...]
2017-10-15 14:12:54.519 [main] INFO  org.hibernate.Version - HHH000412: Hibernate Core {5.0.12.Final}
2017-10-15 14:12:54.525 [main] INFO  org.hibernate.cfg.Environment - HHH000206: hibernate.properties not found
2017-10-15 14:12:54.529 [main] INFO  org.hibernate.cfg.Environment - HHH000021: Bytecode provider name : javassist
2017-10-15 14:12:54.766 [main] INFO  org.hibernate.annotations.common.Version - HCANN000001: Hibernate Commons Annotations {5.0.1.Final}
2017-10-15 14:12:55.362 [main] INFO  org.hibernate.dialect.Dialect - HHH000400: Using dialect: org.hibernate.dialect.MySQL5Dialect
2017-10-15 14:13:05.283 [main] INFO  org.apache.coyote.http11.Http11NioProtocol - Initializing ProtocolHandler ["http-nio-8181"]
2017-10-15 14:13:05.301 [main] INFO  org.apache.coyote.http11.Http11NioProtocol - Starting ProtocolHandler ["http-nio-8181"]
2017-10-15 14:13:05.322 [main] INFO  org.apache.tomcat.util.net.NioSelectorPool - Using a shared selector for servlet write/read
2017-10-15 14:13:05.372 [main] INFO  com.sunfund.Application - Started Application in 33.263 seconds (JVM running for 34.896)
2017-10-15 14:14:20.652 [http-nio-8181-exec-1] INFO  o.a.c.core.ContainerBase.[Tomcat].[localhost].[/] - Initializing Spring FrameworkServlet 'dispatcherServlet'
2017-10-15 16:32:40.756 [Thread-5] INFO  com.alibaba.druid.pool.DruidDataSource - {dataSource-1} closed
